<?xml version="1.0" encoding="UTF-8"?>
<!-- Generated by org.testng.reporters.JUnitReportReporter -->
<testsuite hostname="DESKTOP-2KBHISF" failures="0" tests="3" name="SiddarthAcademy.Tests.SubmitOrderTest" time="97.376" errors="0" timestamp="2024-07-30T12:39:39 IST" skipped="0">
  <testcase classname="SiddarthAcademy.Tests.SubmitOrderTest" name="submitorder" time="40.032"/>
  <testcase classname="SiddarthAcademy.Tests.SubmitOrderTest" name="submitorder" time="42.559"/>
  <testcase classname="SiddarthAcademy.Tests.SubmitOrderTest" name="orderHistoryTest" time="14.785"/>
</testsuite> <!-- SiddarthAcademy.Tests.SubmitOrderTest -->
