<?xml version="1.0" encoding="UTF-8"?>
<!-- Generated by org.testng.reporters.JUnitReportReporter -->
<testsuite hostname="DESKTOP-2KBHISF" failures="0" tests="1" name="cucumber.TestNGTestRunner" time="64.740" errors="0" timestamp="2024-08-14T12:18:02 IST" skipped="0">
  <testcase classname="cucumber.TestNGTestRunner" name="runScenario" time="64.740"/>
</testsuite> <!-- cucumber.TestNGTestRunner -->
