<?xml version="1.0" encoding="UTF-8"?>
<!-- Generated by org.testng.reporters.JUnitReportReporter -->
<testsuite hostname="DESKTOP-2KBHISF" failures="0" tests="3" name="SiddarthAcademy.Tests.ErrorValidationTest" time="137.959" errors="0" timestamp="2024-08-14T13:02:42 IST" skipped="1">
  <testcase classname="SiddarthAcademy.Tests.ErrorValidationTest" name="loginErrorValidation" time="24.260"/>
  <testcase classname="SiddarthAcademy.Tests.ErrorValidationTest" name="loginErrorValidation" time="77.064">
    <skipped/>
  </testcase> <!-- loginErrorValidation -->
  <testcase classname="SiddarthAcademy.Tests.ErrorValidationTest" name="productErrorValidation" time="36.635"/>
</testsuite> <!-- SiddarthAcademy.Tests.ErrorValidationTest -->
